2023-10-29 00:20:24.040  INFO 6232 --- [SessionValidationThread-1] a.s.s.m.AbstractValidatingSessionManager : Validating all active sessions...
2023-10-29 00:20:24.044  INFO 6232 --- [SessionValidationThread-1] a.s.s.m.AbstractValidatingSessionManager : Finished session validation.  [2] sessions were stopped.
2023-10-29 01:20:24.034  INFO 6232 --- [SessionValidationThread-1] a.s.s.m.AbstractValidatingSessionManager : Validating all active sessions...
2023-10-29 01:20:24.034  INFO 6232 --- [SessionValidationThread-1] a.s.s.m.AbstractValidatingSessionManager : Finished session validation.  No sessions were stopped.
2023-10-29 02:20:24.044  INFO 6232 --- [SessionValidationThread-1] a.s.s.m.AbstractValidatingSessionManager : Validating all active sessions...
2023-10-29 02:20:24.045  INFO 6232 --- [SessionValidationThread-1] a.s.s.m.AbstractValidatingSessionManager : Finished session validation.  No sessions were stopped.
2023-10-29 03:20:24.041  INFO 6232 --- [SessionValidationThread-1] a.s.s.m.AbstractValidatingSessionManager : Validating all active sessions...
2023-10-29 03:20:24.041  INFO 6232 --- [SessionValidationThread-1] a.s.s.m.AbstractValidatingSessionManager : Finished session validation.  No sessions were stopped.
2023-10-29 04:20:24.034  INFO 6232 --- [SessionValidationThread-1] a.s.s.m.AbstractValidatingSessionManager : Validating all active sessions...
2023-10-29 04:20:24.034  INFO 6232 --- [SessionValidationThread-1] a.s.s.m.AbstractValidatingSessionManager : Finished session validation.  No sessions were stopped.
2023-10-29 05:20:24.045  INFO 6232 --- [SessionValidationThread-1] a.s.s.m.AbstractValidatingSessionManager : Validating all active sessions...
2023-10-29 05:20:24.045  INFO 6232 --- [SessionValidationThread-1] a.s.s.m.AbstractValidatingSessionManager : Finished session validation.  No sessions were stopped.
2023-10-29 06:20:24.034  INFO 6232 --- [SessionValidationThread-1] a.s.s.m.AbstractValidatingSessionManager : Validating all active sessions...
2023-10-29 06:20:24.034  INFO 6232 --- [SessionValidationThread-1] a.s.s.m.AbstractValidatingSessionManager : Finished session validation.  No sessions were stopped.
2023-10-29 07:20:24.032  INFO 6232 --- [SessionValidationThread-1] a.s.s.m.AbstractValidatingSessionManager : Validating all active sessions...
2023-10-29 07:20:24.032  INFO 6232 --- [SessionValidationThread-1] a.s.s.m.AbstractValidatingSessionManager : Finished session validation.  No sessions were stopped.
2023-10-29 08:20:24.034  INFO 6232 --- [SessionValidationThread-1] a.s.s.m.AbstractValidatingSessionManager : Validating all active sessions...
2023-10-29 08:20:24.034  INFO 6232 --- [SessionValidationThread-1] a.s.s.m.AbstractValidatingSessionManager : Finished session validation.  No sessions were stopped.
2023-10-29 09:20:24.035  INFO 6232 --- [SessionValidationThread-1] a.s.s.m.AbstractValidatingSessionManager : Validating all active sessions...
2023-10-29 09:20:24.035  INFO 6232 --- [SessionValidationThread-1] a.s.s.m.AbstractValidatingSessionManager : Finished session validation.  No sessions were stopped.
2023-10-29 09:22:34.133  INFO 6232 --- [Thread-3] ConfigServletWebServerApplicationContext : Closing org.springframework.boot.web.servlet.context.AnnotationConfigServletWebServerApplicationContext@6b6a74: startup date [Sat Oct 28 23:20:01 GMT+08:00 2023]; root of context hierarchy
2023-10-29 09:22:34.142  INFO 6232 --- [Thread-3] o.s.c.support.DefaultLifecycleProcessor  : Stopping beans in phase 2147483647
2023-10-29 09:22:34.147  INFO 6232 --- [Thread-3] o.s.j.e.a.AnnotationMBeanExporter        : Unregistering JMX-exposed beans on shutdown
2023-10-29 09:22:34.147  INFO 6232 --- [Thread-3] o.s.j.e.a.AnnotationMBeanExporter        : Unregistering JMX-exposed beans
2023-10-29 09:22:34.169  INFO 6232 --- [Thread-3] a.s.s.m.AbstractValidatingSessionManager : Disabled session validation scheduler.
2023-10-29 09:22:34.170  INFO 6232 --- [Thread-3] c.b.d.d.DynamicRoutingDataSource         : dynamic-datasource start closing ....
2023-10-29 09:22:34.173  INFO 6232 --- [Thread-3] com.alibaba.druid.pool.DruidDataSource   : {dataSource-2} closed
2023-10-29 09:22:34.174  INFO 6232 --- [Thread-3] com.alibaba.druid.pool.DruidDataSource   : {dataSource-1} closed
2023-10-29 09:22:34.174  INFO 6232 --- [Thread-3] c.b.d.d.DynamicRoutingDataSource         : dynamic-datasource all closed success,bye
