2024-05-04 00:23:27.343  INFO 76494 --- [SessionValidationThread-1] a.s.s.m.AbstractValidatingSessionManager : Validating all active sessions...
2024-05-04 00:23:27.394  INFO 76494 --- [SessionValidationThread-1] a.s.s.m.AbstractValidatingSessionManager : Finished session validation.  No sessions were stopped.
2024-05-04 01:23:27.402  INFO 76494 --- [SessionValidationThread-1] a.s.s.m.AbstractValidatingSessionManager : Validating all active sessions...
2024-05-04 01:23:27.405  INFO 76494 --- [SessionValidationThread-1] a.s.s.m.AbstractValidatingSessionManager : Finished session validation.  No sessions were stopped.
2024-05-04 02:23:27.426  INFO 76494 --- [SessionValidationThread-1] a.s.s.m.AbstractValidatingSessionManager : Validating all active sessions...
2024-05-04 02:23:27.428  INFO 76494 --- [SessionValidationThread-1] a.s.s.m.AbstractValidatingSessionManager : Finished session validation.  No sessions were stopped.
2024-05-04 03:23:27.602  INFO 76494 --- [SessionValidationThread-1] a.s.s.m.AbstractValidatingSessionManager : Validating all active sessions...
2024-05-04 03:23:27.602  INFO 76494 --- [SessionValidationThread-1] a.s.s.m.AbstractValidatingSessionManager : Finished session validation.  No sessions were stopped.
2024-05-04 04:23:27.674  INFO 76494 --- [SessionValidationThread-1] a.s.s.m.AbstractValidatingSessionManager : Validating all active sessions...
2024-05-04 04:23:27.677  INFO 76494 --- [SessionValidationThread-1] a.s.s.m.AbstractValidatingSessionManager : Finished session validation.  No sessions were stopped.
2024-05-04 05:23:27.742  INFO 76494 --- [SessionValidationThread-1] a.s.s.m.AbstractValidatingSessionManager : Validating all active sessions...
2024-05-04 05:23:27.747  INFO 76494 --- [SessionValidationThread-1] a.s.s.m.AbstractValidatingSessionManager : Finished session validation.  No sessions were stopped.
2024-05-04 06:23:27.778  INFO 76494 --- [SessionValidationThread-1] a.s.s.m.AbstractValidatingSessionManager : Validating all active sessions...
2024-05-04 06:23:27.784  INFO 76494 --- [SessionValidationThread-1] a.s.s.m.AbstractValidatingSessionManager : Finished session validation.  No sessions were stopped.
2024-05-04 07:23:27.822  INFO 76494 --- [SessionValidationThread-1] a.s.s.m.AbstractValidatingSessionManager : Validating all active sessions...
2024-05-04 07:23:27.824  INFO 76494 --- [SessionValidationThread-1] a.s.s.m.AbstractValidatingSessionManager : Finished session validation.  No sessions were stopped.
2024-05-04 08:23:28.007  INFO 76494 --- [SessionValidationThread-1] a.s.s.m.AbstractValidatingSessionManager : Validating all active sessions...
2024-05-04 08:23:28.008  INFO 76494 --- [SessionValidationThread-1] a.s.s.m.AbstractValidatingSessionManager : Finished session validation.  No sessions were stopped.
2024-05-04 09:23:28.007  INFO 76494 --- [SessionValidationThread-1] a.s.s.m.AbstractValidatingSessionManager : Validating all active sessions...
2024-05-04 09:23:28.009  INFO 76494 --- [SessionValidationThread-1] a.s.s.m.AbstractValidatingSessionManager : Finished session validation.  No sessions were stopped.
2024-05-04 10:23:28.039  INFO 76494 --- [SessionValidationThread-1] a.s.s.m.AbstractValidatingSessionManager : Validating all active sessions...
2024-05-04 10:23:28.040  INFO 76494 --- [SessionValidationThread-1] a.s.s.m.AbstractValidatingSessionManager : Finished session validation.  No sessions were stopped.
2024-05-04 11:23:28.188  INFO 76494 --- [SessionValidationThread-1] a.s.s.m.AbstractValidatingSessionManager : Validating all active sessions...
2024-05-04 11:23:28.192  INFO 76494 --- [SessionValidationThread-1] a.s.s.m.AbstractValidatingSessionManager : Finished session validation.  No sessions were stopped.
2024-05-04 12:23:28.266  INFO 76494 --- [SessionValidationThread-1] a.s.s.m.AbstractValidatingSessionManager : Validating all active sessions...
2024-05-04 12:23:28.270  INFO 76494 --- [SessionValidationThread-1] a.s.s.m.AbstractValidatingSessionManager : Finished session validation.  No sessions were stopped.
2024-05-04 13:23:28.281  INFO 76494 --- [SessionValidationThread-1] a.s.s.m.AbstractValidatingSessionManager : Validating all active sessions...
2024-05-04 13:23:28.295  INFO 76494 --- [SessionValidationThread-1] a.s.s.m.AbstractValidatingSessionManager : Finished session validation.  No sessions were stopped.
2024-05-04 14:23:28.414  INFO 76494 --- [SessionValidationThread-1] a.s.s.m.AbstractValidatingSessionManager : Validating all active sessions...
2024-05-04 14:23:28.416  INFO 76494 --- [SessionValidationThread-1] a.s.s.m.AbstractValidatingSessionManager : Finished session validation.  No sessions were stopped.
2024-05-04 15:23:28.593  INFO 76494 --- [SessionValidationThread-1] a.s.s.m.AbstractValidatingSessionManager : Validating all active sessions...
2024-05-04 15:23:28.597  INFO 76494 --- [SessionValidationThread-1] a.s.s.m.AbstractValidatingSessionManager : Finished session validation.  No sessions were stopped.
2024-05-04 16:23:28.541  INFO 76494 --- [SessionValidationThread-1] a.s.s.m.AbstractValidatingSessionManager : Validating all active sessions...
2024-05-04 16:23:28.546  INFO 76494 --- [SessionValidationThread-1] a.s.s.m.AbstractValidatingSessionManager : Finished session validation.  No sessions were stopped.
2024-05-04 17:23:28.676  INFO 76494 --- [SessionValidationThread-1] a.s.s.m.AbstractValidatingSessionManager : Validating all active sessions...
2024-05-04 17:23:28.680  INFO 76494 --- [SessionValidationThread-1] a.s.s.m.AbstractValidatingSessionManager : Finished session validation.  No sessions were stopped.
2024-05-04 18:23:28.776  INFO 76494 --- [SessionValidationThread-1] a.s.s.m.AbstractValidatingSessionManager : Validating all active sessions...
2024-05-04 18:23:28.781  INFO 76494 --- [SessionValidationThread-1] a.s.s.m.AbstractValidatingSessionManager : Finished session validation.  No sessions were stopped.
2024-05-04 18:55:56.663  INFO 76494 --- [Thread-26] ConfigServletWebServerApplicationContext : Closing org.springframework.boot.web.servlet.context.AnnotationConfigServletWebServerApplicationContext@2c1b194a: startup date [Thu May 02 15:56:12 CST 2024]; root of context hierarchy
2024-05-04 18:55:56.928  INFO 76494 --- [Thread-26] o.s.c.support.DefaultLifecycleProcessor  : Stopping beans in phase 2147483647
2024-05-04 18:55:56.965  INFO 76494 --- [Thread-26] o.s.j.e.a.AnnotationMBeanExporter        : Unregistering JMX-exposed beans on shutdown
2024-05-04 18:55:56.970  INFO 76494 --- [Thread-26] o.s.j.e.a.AnnotationMBeanExporter        : Unregistering JMX-exposed beans
2024-05-04 18:55:56.983  INFO 76494 --- [Thread-26] o.s.s.concurrent.ThreadPoolTaskExecutor  : Shutting down ExecutorService 'poolExecutor'
2024-05-04 18:55:56.985  INFO 76494 --- [Thread-26] o.s.s.c.ThreadPoolTaskScheduler          : Shutting down ExecutorService 'taskScheduler'
2024-05-04 18:55:57.162  INFO 76494 --- [Thread-26] a.s.s.m.AbstractValidatingSessionManager : Disabled session validation scheduler.
2024-05-04 18:55:57.166  INFO 76494 --- [Thread-26] c.b.d.d.DynamicRoutingDataSource         : dynamic-datasource start closing ....
2024-05-04 18:55:57.191  INFO 76494 --- [Thread-26] com.alibaba.druid.pool.DruidDataSource   : {dataSource-2} closed
2024-05-04 18:55:57.193  INFO 76494 --- [Thread-26] com.alibaba.druid.pool.DruidDataSource   : {dataSource-1} closed
2024-05-04 18:55:57.193  INFO 76494 --- [Thread-26] c.b.d.d.DynamicRoutingDataSource         : dynamic-datasource all closed success,bye
